#-----------------------------------------------------------
# Vivado v2019.1 (64-bit)
# SW Build 2552052 on Fri May 24 14:49:42 MDT 2019
# IP Build 2548770 on Fri May 24 18:01:18 MDT 2019
# Start of session at: Thu Apr  9 10:23:01 2020
# Process ID: 7196
# Current directory: D:/CollegeHomework/MIPS32
# Command line: vivado.exe -gui_launcher_event rodinguilauncherevent11876 D:\CollegeHomework\MIPS32\MIPS32.xpr
# Log file: D:/CollegeHomework/MIPS32/vivado.log
# Journal file: D:/CollegeHomework/MIPS32\vivado.jou
#-----------------------------------------------------------
start_gui
open_project D:/CollegeHomework/MIPS32/MIPS32.xpr
Scanning sources...
Finished scanning sources
INFO: [IP_Flow 19-234] Refreshing IP repositories
INFO: [IP_Flow 19-1704] No user IP repositories specified
INFO: [IP_Flow 19-2313] Loaded Vivado IP repository 'E:/Xilinx/Vivado/2019.1/data/ip'.
open_project: Time (s): cpu = 00:00:14 ; elapsed = 00:00:06 . Memory (MB): peak = 686.020 ; gain = 53.648
update_compile_order -fileset sources_1
launch_simulation
INFO: [Vivado 12-5682] Launching behavioral simulation in 'D:/CollegeHomework/MIPS32/MIPS32.sim/sim_1/behav/xsim'
INFO: [SIM-utils-51] Simulation object is 'sim_1'
INFO: [SIM-utils-54] Inspecting design source files for 'ROM_sim' in fileset 'sim_1'...
INFO: [SIM-utils-43] Exported 'D:/CollegeHomework/MIPS32/MIPS32.sim/sim_1/behav/xsim/imem.coe'
INFO: [USF-XSim-97] Finding global include files...
INFO: [USF-XSim-98] Fetching design files from 'sim_1'...
INFO: [USF-XSim-2] XSim::Compile design
INFO: [USF-XSim-61] Executing 'COMPILE and ANALYZE' step in 'D:/CollegeHomework/MIPS32/MIPS32.sim/sim_1/behav/xsim'
"xvlog --incr --relax -prj ROM_sim_vlog.prj"
INFO: [VRFC 10-2263] Analyzing Verilog file "D:/CollegeHomework/MIPS32/MIPS32.srcs/sources_1/new/INSTR_ROM.v" into library xil_defaultlib
INFO: [VRFC 10-311] analyzing module INSTR_ROM
INFO: [VRFC 10-2263] Analyzing Verilog file "D:/CollegeHomework/MIPS32/MIPS32.srcs/sim_1/new/ROM_sim.v" into library xil_defaultlib
INFO: [VRFC 10-311] analyzing module ROM_sim
INFO: [VRFC 10-2263] Analyzing Verilog file "D:/CollegeHomework/MIPS32/MIPS32.sim/sim_1/behav/xsim/glbl.v" into library xil_defaultlib
INFO: [VRFC 10-311] analyzing module glbl
INFO: [USF-XSim-69] 'compile' step finished in '2' seconds
INFO: [USF-XSim-3] XSim::Elaborate design
INFO: [USF-XSim-61] Executing 'ELABORATE' step in 'D:/CollegeHomework/MIPS32/MIPS32.sim/sim_1/behav/xsim'
"xelab -wto 4e2f2acfa1e647258caacb70eaf3a91a --incr --debug typical --relax --mt 2 -L xil_defaultlib -L unisims_ver -L unimacro_ver -L secureip --snapshot ROM_sim_behav xil_defaultlib.ROM_sim xil_defaultlib.glbl -log elaborate.log"
Vivado Simulator 2019.1
Copyright 1986-1999, 2001-2019 Xilinx, Inc. All Rights Reserved.
Running: E:/Xilinx/Vivado/2019.1/bin/unwrapped/win64.o/xelab.exe -wto 4e2f2acfa1e647258caacb70eaf3a91a --incr --debug typical --relax --mt 2 -L xil_defaultlib -L unisims_ver -L unimacro_ver -L secureip --snapshot ROM_sim_behav xil_defaultlib.ROM_sim xil_defaultlib.glbl -log elaborate.log 
Using 2 slave threads.
Starting static elaboration
Completed static elaboration
Starting simulation data flow analysis
Completed simulation data flow analysis
Time Resolution for simulation is 1ps
Compiling module xil_defaultlib.INSTR_ROM
Compiling module xil_defaultlib.ROM_sim
Compiling module xil_defaultlib.glbl
Built simulation snapshot ROM_sim_behav

****** Webtalk v2019.1 (64-bit)
  **** SW Build 2552052 on Fri May 24 14:49:42 MDT 2019
  **** IP Build 2548770 on Fri May 24 18:01:18 MDT 2019
    ** Copyright 1986-2019 Xilinx, Inc. All Rights Reserved.

source D:/CollegeHomework/MIPS32/MIPS32.sim/sim_1/behav/xsim/xsim.dir/ROM_sim_behav/webtalk/xsim_webtalk.tcl -notrace
INFO: [Common 17-186] 'D:/CollegeHomework/MIPS32/MIPS32.sim/sim_1/behav/xsim/xsim.dir/ROM_sim_behav/webtalk/usage_statistics_ext_xsim.xml' has been successfully sent to Xilinx on Thu Apr  9 10:23:43 2020. For additional details about this file, please refer to the WebTalk help file at E:/Xilinx/Vivado/2019.1/doc/webtalk_introduction.html.
INFO: [Common 17-206] Exiting Webtalk at Thu Apr  9 10:23:43 2020...
run_program: Time (s): cpu = 00:00:02 ; elapsed = 00:00:10 . Memory (MB): peak = 738.223 ; gain = 0.000
INFO: [USF-XSim-69] 'elaborate' step finished in '10' seconds
INFO: [USF-XSim-4] XSim::Simulate design
INFO: [USF-XSim-61] Executing 'SIMULATE' step in 'D:/CollegeHomework/MIPS32/MIPS32.sim/sim_1/behav/xsim'
INFO: [USF-XSim-98] *** Running xsim
   with args "ROM_sim_behav -key {Behavioral:sim_1:Functional:ROM_sim} -tclbatch {ROM_sim.tcl} -log {simulate.log}"
INFO: [USF-XSim-8] Loading simulator feature
Vivado Simulator 2019.1
Time resolution is 1 ps
source ROM_sim.tcl
# set curr_wave [current_wave_config]
# if { [string length $curr_wave] == 0 } {
#   if { [llength [get_objects]] > 0} {
#     add_wave /
#     set_property needs_save false [current_wave_config]
#   } else {
#      send_msg_id Add_Wave-1 WARNING "No top level signals found. Simulator will start without a wave window. If you want to open a wave window go to 'File->New Waveform Configuration' or type 'create_wave_config' in the TCL console."
#   }
# }
# run 1000ns
WARNING: File D:CollegeHomeworkMIPS32executeCode.txt referenced on D:/CollegeHomework/MIPS32/MIPS32.srcs/sources_1/new/INSTR_ROM.v at line 31 cannot be opened for reading. Please ensure that this file is available in the current working directory.
INFO: [USF-XSim-96] XSim completed. Design snapshot 'ROM_sim_behav' loaded.
INFO: [USF-XSim-97] XSim simulation ran for 1000ns
launch_simulation: Time (s): cpu = 00:00:11 ; elapsed = 00:00:17 . Memory (MB): peak = 752.578 ; gain = 14.355
close_sim
INFO: [Simtcl 6-16] Simulation closed
close_sim: Time (s): cpu = 00:00:02 ; elapsed = 00:00:11 . Memory (MB): peak = 752.578 ; gain = 0.000
launch_simulation
INFO: [Vivado 12-5682] Launching behavioral simulation in 'D:/CollegeHomework/MIPS32/MIPS32.sim/sim_1/behav/xsim'
INFO: [SIM-utils-51] Simulation object is 'sim_1'
INFO: [SIM-utils-54] Inspecting design source files for 'ROM_sim' in fileset 'sim_1'...
INFO: [SIM-utils-43] Exported 'D:/CollegeHomework/MIPS32/MIPS32.sim/sim_1/behav/xsim/imem.coe'
INFO: [USF-XSim-97] Finding global include files...
INFO: [USF-XSim-98] Fetching design files from 'sim_1'...
INFO: [USF-XSim-2] XSim::Compile design
INFO: [USF-XSim-61] Executing 'COMPILE and ANALYZE' step in 'D:/CollegeHomework/MIPS32/MIPS32.sim/sim_1/behav/xsim'
"xvlog --incr --relax -prj ROM_sim_vlog.prj"
INFO: [VRFC 10-2263] Analyzing Verilog file "D:/CollegeHomework/MIPS32/MIPS32.srcs/sources_1/new/INSTR_ROM.v" into library xil_defaultlib
INFO: [VRFC 10-311] analyzing module INSTR_ROM
INFO: [VRFC 10-2263] Analyzing Verilog file "D:/CollegeHomework/MIPS32/MIPS32.srcs/sim_1/new/ROM_sim.v" into library xil_defaultlib
INFO: [VRFC 10-311] analyzing module ROM_sim
INFO: [USF-XSim-69] 'compile' step finished in '2' seconds
INFO: [USF-XSim-3] XSim::Elaborate design
INFO: [USF-XSim-61] Executing 'ELABORATE' step in 'D:/CollegeHomework/MIPS32/MIPS32.sim/sim_1/behav/xsim'
"xelab -wto 4e2f2acfa1e647258caacb70eaf3a91a --incr --debug typical --relax --mt 2 -L xil_defaultlib -L unisims_ver -L unimacro_ver -L secureip --snapshot ROM_sim_behav xil_defaultlib.ROM_sim xil_defaultlib.glbl -log elaborate.log"
Vivado Simulator 2019.1
Copyright 1986-1999, 2001-2019 Xilinx, Inc. All Rights Reserved.
Running: E:/Xilinx/Vivado/2019.1/bin/unwrapped/win64.o/xelab.exe -wto 4e2f2acfa1e647258caacb70eaf3a91a --incr --debug typical --relax --mt 2 -L xil_defaultlib -L unisims_ver -L unimacro_ver -L secureip --snapshot ROM_sim_behav xil_defaultlib.ROM_sim xil_defaultlib.glbl -log elaborate.log 
Using 2 slave threads.
Starting static elaboration
Completed static elaboration
Starting simulation data flow analysis
Completed simulation data flow analysis
Time Resolution for simulation is 1ps
Compiling module xil_defaultlib.INSTR_ROM
Compiling module xil_defaultlib.ROM_sim
Compiling module xil_defaultlib.glbl
Built simulation snapshot ROM_sim_behav
INFO: [USF-XSim-69] 'elaborate' step finished in '3' seconds
INFO: [USF-XSim-4] XSim::Simulate design
INFO: [USF-XSim-61] Executing 'SIMULATE' step in 'D:/CollegeHomework/MIPS32/MIPS32.sim/sim_1/behav/xsim'
INFO: [USF-XSim-98] *** Running xsim
   with args "ROM_sim_behav -key {Behavioral:sim_1:Functional:ROM_sim} -tclbatch {ROM_sim.tcl} -log {simulate.log}"
INFO: [USF-XSim-8] Loading simulator feature
Vivado Simulator 2019.1
Time resolution is 1 ps
source ROM_sim.tcl
# set curr_wave [current_wave_config]
# if { [string length $curr_wave] == 0 } {
#   if { [llength [get_objects]] > 0} {
#     add_wave /
#     set_property needs_save false [current_wave_config]
#   } else {
#      send_msg_id Add_Wave-1 WARNING "No top level signals found. Simulator will start without a wave window. If you want to open a wave window go to 'File->New Waveform Configuration' or type 'create_wave_config' in the TCL console."
#   }
# }
# run 1000ns
WARNING: File D:CollegeHomeworkMIPS32executeCode.txt referenced on D:/CollegeHomework/MIPS32/MIPS32.srcs/sources_1/new/INSTR_ROM.v at line 31 cannot be opened for reading. Please ensure that this file is available in the current working directory.
INFO: [USF-XSim-96] XSim completed. Design snapshot 'ROM_sim_behav' loaded.
INFO: [USF-XSim-97] XSim simulation ran for 1000ns
launch_simulation: Time (s): cpu = 00:00:05 ; elapsed = 00:00:08 . Memory (MB): peak = 758.953 ; gain = 0.000
close_sim
INFO: [Simtcl 6-16] Simulation closed
launch_simulation
INFO: [Vivado 12-5682] Launching behavioral simulation in 'D:/CollegeHomework/MIPS32/MIPS32.sim/sim_1/behav/xsim'
INFO: [SIM-utils-51] Simulation object is 'sim_1'
INFO: [SIM-utils-54] Inspecting design source files for 'ROM_sim' in fileset 'sim_1'...
INFO: [SIM-utils-43] Exported 'D:/CollegeHomework/MIPS32/MIPS32.sim/sim_1/behav/xsim/imem.coe'
INFO: [USF-XSim-97] Finding global include files...
INFO: [USF-XSim-98] Fetching design files from 'sim_1'...
INFO: [USF-XSim-2] XSim::Compile design
INFO: [USF-XSim-61] Executing 'COMPILE and ANALYZE' step in 'D:/CollegeHomework/MIPS32/MIPS32.sim/sim_1/behav/xsim'
"xvlog --incr --relax -prj ROM_sim_vlog.prj"
INFO: [VRFC 10-2263] Analyzing Verilog file "D:/CollegeHomework/MIPS32/MIPS32.srcs/sources_1/new/INSTR_ROM.v" into library xil_defaultlib
INFO: [VRFC 10-311] analyzing module INSTR_ROM
INFO: [VRFC 10-2263] Analyzing Verilog file "D:/CollegeHomework/MIPS32/MIPS32.srcs/sim_1/new/ROM_sim.v" into library xil_defaultlib
INFO: [VRFC 10-311] analyzing module ROM_sim
INFO: [USF-XSim-69] 'compile' step finished in '2' seconds
INFO: [USF-XSim-3] XSim::Elaborate design
INFO: [USF-XSim-61] Executing 'ELABORATE' step in 'D:/CollegeHomework/MIPS32/MIPS32.sim/sim_1/behav/xsim'
"xelab -wto 4e2f2acfa1e647258caacb70eaf3a91a --incr --debug typical --relax --mt 2 -L xil_defaultlib -L unisims_ver -L unimacro_ver -L secureip --snapshot ROM_sim_behav xil_defaultlib.ROM_sim xil_defaultlib.glbl -log elaborate.log"
Vivado Simulator 2019.1
Copyright 1986-1999, 2001-2019 Xilinx, Inc. All Rights Reserved.
Running: E:/Xilinx/Vivado/2019.1/bin/unwrapped/win64.o/xelab.exe -wto 4e2f2acfa1e647258caacb70eaf3a91a --incr --debug typical --relax --mt 2 -L xil_defaultlib -L unisims_ver -L unimacro_ver -L secureip --snapshot ROM_sim_behav xil_defaultlib.ROM_sim xil_defaultlib.glbl -log elaborate.log 
Using 2 slave threads.
Starting static elaboration
Completed static elaboration
Starting simulation data flow analysis
Completed simulation data flow analysis
Time Resolution for simulation is 1ps
Compiling module xil_defaultlib.INSTR_ROM
Compiling module xil_defaultlib.ROM_sim
Compiling module xil_defaultlib.glbl
Built simulation snapshot ROM_sim_behav
INFO: [USF-XSim-69] 'elaborate' step finished in '3' seconds
INFO: [USF-XSim-4] XSim::Simulate design
INFO: [USF-XSim-61] Executing 'SIMULATE' step in 'D:/CollegeHomework/MIPS32/MIPS32.sim/sim_1/behav/xsim'
INFO: [USF-XSim-98] *** Running xsim
   with args "ROM_sim_behav -key {Behavioral:sim_1:Functional:ROM_sim} -tclbatch {ROM_sim.tcl} -log {simulate.log}"
INFO: [USF-XSim-8] Loading simulator feature
Vivado Simulator 2019.1
Time resolution is 1 ps
source ROM_sim.tcl
# set curr_wave [current_wave_config]
# if { [string length $curr_wave] == 0 } {
#   if { [llength [get_objects]] > 0} {
#     add_wave /
#     set_property needs_save false [current_wave_config]
#   } else {
#      send_msg_id Add_Wave-1 WARNING "No top level signals found. Simulator will start without a wave window. If you want to open a wave window go to 'File->New Waveform Configuration' or type 'create_wave_config' in the TCL console."
#   }
# }
# run 1000ns
INFO: [USF-XSim-96] XSim completed. Design snapshot 'ROM_sim_behav' loaded.
INFO: [USF-XSim-97] XSim simulation ran for 1000ns
launch_simulation: Time (s): cpu = 00:00:03 ; elapsed = 00:00:08 . Memory (MB): peak = 771.535 ; gain = 0.000
close_sim
INFO: [Simtcl 6-16] Simulation closed
close [ open D:/CollegeHomework/MIPS32/MIPS32.srcs/sources_1/new/mainCtroller.v w ]
add_files D:/CollegeHomework/MIPS32/MIPS32.srcs/sources_1/new/mainCtroller.v
update_compile_order -fileset sources_1
set_property BOARD_PART_REPO_PATHS {C:/Users/23731/AppData/Roaming/Xilinx/Vivado/2019.1/xhub/board_store} [current_project]
set_param board.repoPaths {C:/Users/23731/AppData/Roaming/Xilinx/Vivado/2019.1/xhub/board_store}
WARNING: [filemgmt 56-199] Attempt to get parsing info during refresh. "On-the-fly" syntax checking information may be incorrect. [D:/CollegeHomework/MIPS32/MIPS32.srcs/sim_1/new/ROM_sim.v:]
WARNING: [filemgmt 56-199] Attempt to get parsing info during refresh. "On-the-fly" syntax checking information may be incorrect. [D:/CollegeHomework/MIPS32/MIPS32.srcs/sources_1/new/INSTR_ROM.v:]
WARNING: [filemgmt 56-199] Attempt to get parsing info during refresh. "On-the-fly" syntax checking information may be incorrect. [D:/CollegeHomework/MIPS32/MIPS32.srcs/sources_1/new/mainCtroller.v:]
WARNING: [filemgmt 56-199] Attempt to get parsing info during refresh. "On-the-fly" syntax checking information may be incorrect. [D:/CollegeHomework/MIPS32/MIPS32.srcs/sim_1/new/ROM_sim.v:]
WARNING: [filemgmt 56-199] Attempt to get parsing info during refresh. "On-the-fly" syntax checking information may be incorrect. [D:/CollegeHomework/MIPS32/MIPS32.srcs/sources_1/new/INSTR_ROM.v:]
WARNING: [filemgmt 56-199] Attempt to get parsing info during refresh. "On-the-fly" syntax checking information may be incorrect. [D:/CollegeHomework/MIPS32/MIPS32.srcs/sources_1/new/mainCtroller.v:]
ERROR: [Common 17-180] Spawn failed: No error
set_property BOARD_PART_REPO_PATHS {C:/Users/23731/AppData/Roaming/Xilinx/Vivado/2019.1/xhub/board_store} [current_project]
set_param board.repoPaths {C:/Users/23731/AppData/Roaming/Xilinx/Vivado/2019.1/xhub/board_store}
close [ open D:/CollegeHomework/MIPS32/MIPS32.srcs/sources_1/new/DataPath.v w ]
add_files D:/CollegeHomework/MIPS32/MIPS32.srcs/sources_1/new/DataPath.v
update_compile_order -fileset sources_1
close [ open D:/CollegeHomework/MIPS32/MIPS32.srcs/sources_1/new/MIPS32.v w ]
add_files D:/CollegeHomework/MIPS32/MIPS32.srcs/sources_1/new/MIPS32.v
update_compile_order -fileset sources_1
close [ open D:/CollegeHomework/MIPS32/MIPS32.srcs/sources_1/new/SYSTEM.v w ]
add_files D:/CollegeHomework/MIPS32/MIPS32.srcs/sources_1/new/SYSTEM.v
update_compile_order -fileset sources_1
set_property top SYSTEM [current_fileset]
update_compile_order -fileset sources_1
update_compile_order -fileset sources_1
update_compile_order -fileset sources_1
set_property SOURCE_SET sources_1 [get_filesets sim_1]
close [ open D:/CollegeHomework/MIPS32/MIPS32.srcs/sim_1/new/testBench.v w ]
add_files -fileset sim_1 D:/CollegeHomework/MIPS32/MIPS32.srcs/sim_1/new/testBench.v
update_compile_order -fileset sim_1
set_property SOURCE_SET sources_1 [get_filesets sim_1]
close [ open D:/CollegeHomework/MIPS32/MIPS32.srcs/sim_1/new/testBench.v w ]
add_files -fileset sim_1 D:/CollegeHomework/MIPS32/MIPS32.srcs/sim_1/new/testBench.v
WARNING: [filemgmt 56-12] File 'D:/CollegeHomework/MIPS32/MIPS32.srcs/sim_1/new/testBench.v' cannot be added to the project because it already exists in the project, skipping this file
set_property top testBench [get_filesets sim_1]
set_property top_lib xil_defaultlib [get_filesets sim_1]
update_compile_order -fileset sim_1
launch_simulation
INFO: [Vivado 12-5682] Launching behavioral simulation in 'D:/CollegeHomework/MIPS32/MIPS32.sim/sim_1/behav/xsim'
INFO: [SIM-utils-51] Simulation object is 'sim_1'
INFO: [SIM-utils-54] Inspecting design source files for 'testBench' in fileset 'sim_1'...
INFO: [SIM-utils-43] Exported 'D:/CollegeHomework/MIPS32/MIPS32.sim/sim_1/behav/xsim/imem.coe'
INFO: [USF-XSim-97] Finding global include files...
INFO: [USF-XSim-98] Fetching design files from 'sim_1'...
INFO: [USF-XSim-2] XSim::Compile design
INFO: [USF-XSim-61] Executing 'COMPILE and ANALYZE' step in 'D:/CollegeHomework/MIPS32/MIPS32.sim/sim_1/behav/xsim'
"xvlog --incr --relax -prj testBench_vlog.prj"
INFO: [VRFC 10-2263] Analyzing Verilog file "D:/CollegeHomework/MIPS32/MIPS32.srcs/sources_1/new/DATA_RAM.v" into library xil_defaultlib
INFO: [VRFC 10-311] analyzing module DATA_RAM
INFO: [VRFC 10-2263] Analyzing Verilog file "D:/CollegeHomework/MIPS32/MIPS32.srcs/sources_1/new/SYSTEM.v" into library xil_defaultlib
INFO: [VRFC 10-311] analyzing module SYSTEM
INFO: [VRFC 10-2263] Analyzing Verilog file "D:/CollegeHomework/MIPS32/MIPS32.srcs/sim_1/new/testBench.v" into library xil_defaultlib
INFO: [VRFC 10-311] analyzing module testBench
INFO: [USF-XSim-69] 'compile' step finished in '2' seconds
INFO: [USF-XSim-3] XSim::Elaborate design
INFO: [USF-XSim-61] Executing 'ELABORATE' step in 'D:/CollegeHomework/MIPS32/MIPS32.sim/sim_1/behav/xsim'
"xelab -wto 4e2f2acfa1e647258caacb70eaf3a91a --incr --debug typical --relax --mt 2 -L xil_defaultlib -L unisims_ver -L unimacro_ver -L secureip --snapshot testBench_behav xil_defaultlib.testBench xil_defaultlib.glbl -log elaborate.log"
Vivado Simulator 2019.1
Copyright 1986-1999, 2001-2019 Xilinx, Inc. All Rights Reserved.
Running: E:/Xilinx/Vivado/2019.1/bin/unwrapped/win64.o/xelab.exe -wto 4e2f2acfa1e647258caacb70eaf3a91a --incr --debug typical --relax --mt 2 -L xil_defaultlib -L unisims_ver -L unimacro_ver -L secureip --snapshot testBench_behav xil_defaultlib.testBench xil_defaultlib.glbl -log elaborate.log 
Using 2 slave threads.
Starting static elaboration
ERROR: [VRFC 10-2063] Module <MIPS> not found while processing module instance <mips> [D:/CollegeHomework/MIPS32/MIPS32.srcs/sources_1/new/SYSTEM.v:29]
ERROR: [XSIM 43-3322] Static elaboration of top level Verilog design unit(s) in library work failed.
INFO: [USF-XSim-69] 'elaborate' step finished in '2' seconds
INFO: [USF-XSim-99] Step results log file:'D:/CollegeHomework/MIPS32/MIPS32.sim/sim_1/behav/xsim/elaborate.log'
ERROR: [USF-XSim-62] 'elaborate' step failed with error(s). Please check the Tcl console output or 'D:/CollegeHomework/MIPS32/MIPS32.sim/sim_1/behav/xsim/elaborate.log' file for more information.
ERROR: [Vivado 12-4473] Detected error while running simulation. Please correct the issue and retry this operation.
ERROR: [Common 17-39] 'launch_simulation' failed due to earlier errors.
launch_simulation
INFO: [Vivado 12-5682] Launching behavioral simulation in 'D:/CollegeHomework/MIPS32/MIPS32.sim/sim_1/behav/xsim'
INFO: [SIM-utils-51] Simulation object is 'sim_1'
INFO: [SIM-utils-54] Inspecting design source files for 'testBench' in fileset 'sim_1'...
INFO: [SIM-utils-43] Exported 'D:/CollegeHomework/MIPS32/MIPS32.sim/sim_1/behav/xsim/imem.coe'
INFO: [USF-XSim-97] Finding global include files...
INFO: [USF-XSim-98] Fetching design files from 'sim_1'...
INFO: [USF-XSim-2] XSim::Compile design
INFO: [USF-XSim-61] Executing 'COMPILE and ANALYZE' step in 'D:/CollegeHomework/MIPS32/MIPS32.sim/sim_1/behav/xsim'
"xvlog --incr --relax -prj testBench_vlog.prj"
INFO: [VRFC 10-2263] Analyzing Verilog file "D:/CollegeHomework/MIPS32/MIPS32.srcs/sources_1/new/ALU.v" into library xil_defaultlib
INFO: [VRFC 10-311] analyzing module ALU
INFO: [VRFC 10-2263] Analyzing Verilog file "D:/CollegeHomework/MIPS32/MIPS32.srcs/sources_1/new/DATA_RAM.v" into library xil_defaultlib
INFO: [VRFC 10-311] analyzing module DATA_RAM
INFO: [VRFC 10-2263] Analyzing Verilog file "D:/CollegeHomework/MIPS32/MIPS32.srcs/sources_1/new/DataPath.v" into library xil_defaultlib
INFO: [VRFC 10-311] analyzing module DataPath
INFO: [VRFC 10-2458] undeclared symbol ALUResult, assumed default net type wire [D:/CollegeHomework/MIPS32/MIPS32.srcs/sources_1/new/DataPath.v:46]
INFO: [VRFC 10-2458] undeclared symbol ALUControl, assumed default net type wire [D:/CollegeHomework/MIPS32/MIPS32.srcs/sources_1/new/DataPath.v:46]
INFO: [VRFC 10-2458] undeclared symbol AluResult, assumed default net type wire [D:/CollegeHomework/MIPS32/MIPS32.srcs/sources_1/new/DataPath.v:53]
INFO: [VRFC 10-2458] undeclared symbol MemtoReg, assumed default net type wire [D:/CollegeHomework/MIPS32/MIPS32.srcs/sources_1/new/DataPath.v:53]
INFO: [VRFC 10-311] analyzing module PCReg
INFO: [VRFC 10-311] analyzing module RegFile
INFO: [VRFC 10-311] analyzing module SignExt
INFO: [VRFC 10-311] analyzing module SL2
INFO: [VRFC 10-311] analyzing module Adder
INFO: [VRFC 10-311] analyzing module MUX2
INFO: [VRFC 10-2263] Analyzing Verilog file "D:/CollegeHomework/MIPS32/MIPS32.srcs/sources_1/new/INSTR_ROM.v" into library xil_defaultlib
INFO: [VRFC 10-311] analyzing module INSTR_ROM
INFO: [VRFC 10-2263] Analyzing Verilog file "D:/CollegeHomework/MIPS32/MIPS32.srcs/sources_1/new/MIPS32.v" into library xil_defaultlib
INFO: [VRFC 10-311] analyzing module MIPS32
INFO: [VRFC 10-2263] Analyzing Verilog file "D:/CollegeHomework/MIPS32/MIPS32.srcs/sources_1/new/SYSTEM.v" into library xil_defaultlib
INFO: [VRFC 10-311] analyzing module SYSTEM
INFO: [VRFC 10-2263] Analyzing Verilog file "D:/CollegeHomework/MIPS32/MIPS32.srcs/sim_1/new/testBench.v" into library xil_defaultlib
INFO: [VRFC 10-311] analyzing module testBench
INFO: [USF-XSim-69] 'compile' step finished in '3' seconds
INFO: [USF-XSim-3] XSim::Elaborate design
INFO: [USF-XSim-61] Executing 'ELABORATE' step in 'D:/CollegeHomework/MIPS32/MIPS32.sim/sim_1/behav/xsim'
"xelab -wto 4e2f2acfa1e647258caacb70eaf3a91a --incr --debug typical --relax --mt 2 -L xil_defaultlib -L unisims_ver -L unimacro_ver -L secureip --snapshot testBench_behav xil_defaultlib.testBench xil_defaultlib.glbl -log elaborate.log"
Vivado Simulator 2019.1
Copyright 1986-1999, 2001-2019 Xilinx, Inc. All Rights Reserved.
Running: E:/Xilinx/Vivado/2019.1/bin/unwrapped/win64.o/xelab.exe -wto 4e2f2acfa1e647258caacb70eaf3a91a --incr --debug typical --relax --mt 2 -L xil_defaultlib -L unisims_ver -L unimacro_ver -L secureip --snapshot testBench_behav xil_defaultlib.testBench xil_defaultlib.glbl -log elaborate.log 
Using 2 slave threads.
Starting static elaboration
ERROR: [VRFC 10-2063] Module <Controller> not found while processing module instance <c> [D:/CollegeHomework/MIPS32/MIPS32.srcs/sources_1/new/MIPS32.v:36]
ERROR: [VRFC 10-2063] Module <Datapath> not found while processing module instance <dp> [D:/CollegeHomework/MIPS32/MIPS32.srcs/sources_1/new/MIPS32.v:40]
ERROR: [XSIM 43-3322] Static elaboration of top level Verilog design unit(s) in library work failed.
INFO: [USF-XSim-69] 'elaborate' step finished in '2' seconds
INFO: [USF-XSim-99] Step results log file:'D:/CollegeHomework/MIPS32/MIPS32.sim/sim_1/behav/xsim/elaborate.log'
ERROR: [USF-XSim-62] 'elaborate' step failed with error(s). Please check the Tcl console output or 'D:/CollegeHomework/MIPS32/MIPS32.sim/sim_1/behav/xsim/elaborate.log' file for more information.
ERROR: [Vivado 12-4473] Detected error while running simulation. Please correct the issue and retry this operation.
ERROR: [Common 17-39] 'launch_simulation' failed due to earlier errors.
update_compile_order -fileset sources_1
launch_simulation
INFO: [Vivado 12-5682] Launching behavioral simulation in 'D:/CollegeHomework/MIPS32/MIPS32.sim/sim_1/behav/xsim'
INFO: [SIM-utils-51] Simulation object is 'sim_1'
INFO: [SIM-utils-54] Inspecting design source files for 'testBench' in fileset 'sim_1'...
INFO: [SIM-utils-43] Exported 'D:/CollegeHomework/MIPS32/MIPS32.sim/sim_1/behav/xsim/imem.coe'
INFO: [USF-XSim-97] Finding global include files...
INFO: [USF-XSim-98] Fetching design files from 'sim_1'...
INFO: [USF-XSim-2] XSim::Compile design
INFO: [USF-XSim-61] Executing 'COMPILE and ANALYZE' step in 'D:/CollegeHomework/MIPS32/MIPS32.sim/sim_1/behav/xsim'
"xvlog --incr --relax -prj testBench_vlog.prj"
INFO: [VRFC 10-2263] Analyzing Verilog file "D:/CollegeHomework/MIPS32/MIPS32.srcs/sources_1/new/DATA_RAM.v" into library xil_defaultlib
INFO: [VRFC 10-311] analyzing module DATA_RAM
INFO: [VRFC 10-2263] Analyzing Verilog file "D:/CollegeHomework/MIPS32/MIPS32.srcs/sources_1/new/INSTR_ROM.v" into library xil_defaultlib
INFO: [VRFC 10-311] analyzing module INSTR_ROM
INFO: [VRFC 10-2263] Analyzing Verilog file "D:/CollegeHomework/MIPS32/MIPS32.srcs/sources_1/new/MIPS32.v" into library xil_defaultlib
INFO: [VRFC 10-311] analyzing module MIPS32
INFO: [VRFC 10-2263] Analyzing Verilog file "D:/CollegeHomework/MIPS32/MIPS32.srcs/sources_1/new/SYSTEM.v" into library xil_defaultlib
INFO: [VRFC 10-311] analyzing module SYSTEM
INFO: [VRFC 10-2263] Analyzing Verilog file "D:/CollegeHomework/MIPS32/MIPS32.srcs/sim_1/new/testBench.v" into library xil_defaultlib
INFO: [VRFC 10-311] analyzing module testBench
INFO: [USF-XSim-69] 'compile' step finished in '2' seconds
INFO: [USF-XSim-3] XSim::Elaborate design
INFO: [USF-XSim-61] Executing 'ELABORATE' step in 'D:/CollegeHomework/MIPS32/MIPS32.sim/sim_1/behav/xsim'
"xelab -wto 4e2f2acfa1e647258caacb70eaf3a91a --incr --debug typical --relax --mt 2 -L xil_defaultlib -L unisims_ver -L unimacro_ver -L secureip --snapshot testBench_behav xil_defaultlib.testBench xil_defaultlib.glbl -log elaborate.log"
Vivado Simulator 2019.1
Copyright 1986-1999, 2001-2019 Xilinx, Inc. All Rights Reserved.
Running: E:/Xilinx/Vivado/2019.1/bin/unwrapped/win64.o/xelab.exe -wto 4e2f2acfa1e647258caacb70eaf3a91a --incr --debug typical --relax --mt 2 -L xil_defaultlib -L unisims_ver -L unimacro_ver -L secureip --snapshot testBench_behav xil_defaultlib.testBench xil_defaultlib.glbl -log elaborate.log 
Using 2 slave threads.
Starting static elaboration
ERROR: [VRFC 10-2063] Module <Controller> not found while processing module instance <c> [D:/CollegeHomework/MIPS32/MIPS32.srcs/sources_1/new/MIPS32.v:36]
ERROR: [VRFC 10-2063] Module <DatapPath> not found while processing module instance <dp> [D:/CollegeHomework/MIPS32/MIPS32.srcs/sources_1/new/MIPS32.v:40]
ERROR: [XSIM 43-3322] Static elaboration of top level Verilog design unit(s) in library work failed.
INFO: [USF-XSim-69] 'elaborate' step finished in '2' seconds
INFO: [USF-XSim-99] Step results log file:'D:/CollegeHomework/MIPS32/MIPS32.sim/sim_1/behav/xsim/elaborate.log'
ERROR: [USF-XSim-62] 'elaborate' step failed with error(s). Please check the Tcl console output or 'D:/CollegeHomework/MIPS32/MIPS32.sim/sim_1/behav/xsim/elaborate.log' file for more information.
ERROR: [Vivado 12-4473] Detected error while running simulation. Please correct the issue and retry this operation.
ERROR: [Common 17-39] 'launch_simulation' failed due to earlier errors.
update_compile_order -fileset sources_1
update_compile_order -fileset sources_1
launch_simulation
INFO: [Vivado 12-5682] Launching behavioral simulation in 'D:/CollegeHomework/MIPS32/MIPS32.sim/sim_1/behav/xsim'
INFO: [SIM-utils-51] Simulation object is 'sim_1'
INFO: [SIM-utils-54] Inspecting design source files for 'testBench' in fileset 'sim_1'...
INFO: [SIM-utils-43] Exported 'D:/CollegeHomework/MIPS32/MIPS32.sim/sim_1/behav/xsim/imem.coe'
INFO: [USF-XSim-97] Finding global include files...
INFO: [USF-XSim-98] Fetching design files from 'sim_1'...
INFO: [USF-XSim-2] XSim::Compile design
INFO: [USF-XSim-61] Executing 'COMPILE and ANALYZE' step in 'D:/CollegeHomework/MIPS32/MIPS32.sim/sim_1/behav/xsim'
"xvlog --incr --relax -prj testBench_vlog.prj"
INFO: [VRFC 10-2263] Analyzing Verilog file "D:/CollegeHomework/MIPS32/MIPS32.srcs/sources_1/new/DATA_RAM.v" into library xil_defaultlib
INFO: [VRFC 10-311] analyzing module DATA_RAM
INFO: [VRFC 10-2263] Analyzing Verilog file "D:/CollegeHomework/MIPS32/MIPS32.srcs/sources_1/new/INSTR_ROM.v" into library xil_defaultlib
INFO: [VRFC 10-311] analyzing module INSTR_ROM
INFO: [VRFC 10-2263] Analyzing Verilog file "D:/CollegeHomework/MIPS32/MIPS32.srcs/sources_1/new/MIPS32.v" into library xil_defaultlib
INFO: [VRFC 10-311] analyzing module MIPS32
INFO: [VRFC 10-2263] Analyzing Verilog file "D:/CollegeHomework/MIPS32/MIPS32.srcs/sources_1/new/SYSTEM.v" into library xil_defaultlib
INFO: [VRFC 10-311] analyzing module SYSTEM
INFO: [VRFC 10-2263] Analyzing Verilog file "D:/CollegeHomework/MIPS32/MIPS32.srcs/sources_1/new/mainCtroller.v" into library xil_defaultlib
INFO: [VRFC 10-311] analyzing module mainController
INFO: [VRFC 10-2458] undeclared symbol ALUSrc, assumed default net type wire [D:/CollegeHomework/MIPS32/MIPS32.srcs/sources_1/new/mainCtroller.v:37]
INFO: [VRFC 10-2458] undeclared symbol MemtoReg, assumed default net type wire [D:/CollegeHomework/MIPS32/MIPS32.srcs/sources_1/new/mainCtroller.v:37]
INFO: [VRFC 10-2263] Analyzing Verilog file "D:/CollegeHomework/MIPS32/MIPS32.srcs/sim_1/new/testBench.v" into library xil_defaultlib
INFO: [VRFC 10-311] analyzing module testBench
INFO: [USF-XSim-69] 'compile' step finished in '2' seconds
INFO: [USF-XSim-3] XSim::Elaborate design
INFO: [USF-XSim-61] Executing 'ELABORATE' step in 'D:/CollegeHomework/MIPS32/MIPS32.sim/sim_1/behav/xsim'
"xelab -wto 4e2f2acfa1e647258caacb70eaf3a91a --incr --debug typical --relax --mt 2 -L xil_defaultlib -L unisims_ver -L unimacro_ver -L secureip --snapshot testBench_behav xil_defaultlib.testBench xil_defaultlib.glbl -log elaborate.log"
Vivado Simulator 2019.1
Copyright 1986-1999, 2001-2019 Xilinx, Inc. All Rights Reserved.
Running: E:/Xilinx/Vivado/2019.1/bin/unwrapped/win64.o/xelab.exe -wto 4e2f2acfa1e647258caacb70eaf3a91a --incr --debug typical --relax --mt 2 -L xil_defaultlib -L unisims_ver -L unimacro_ver -L secureip --snapshot testBench_behav xil_defaultlib.testBench xil_defaultlib.glbl -log elaborate.log 
Using 2 slave threads.
Starting static elaboration
ERROR: [VRFC 10-2063] Module <DatapPath> not found while processing module instance <dp> [D:/CollegeHomework/MIPS32/MIPS32.srcs/sources_1/new/MIPS32.v:40]
ERROR: [XSIM 43-3322] Static elaboration of top level Verilog design unit(s) in library work failed.
INFO: [USF-XSim-69] 'elaborate' step finished in '2' seconds
INFO: [USF-XSim-99] Step results log file:'D:/CollegeHomework/MIPS32/MIPS32.sim/sim_1/behav/xsim/elaborate.log'
ERROR: [USF-XSim-62] 'elaborate' step failed with error(s). Please check the Tcl console output or 'D:/CollegeHomework/MIPS32/MIPS32.sim/sim_1/behav/xsim/elaborate.log' file for more information.
ERROR: [Vivado 12-4473] Detected error while running simulation. Please correct the issue and retry this operation.
ERROR: [Common 17-39] 'launch_simulation' failed due to earlier errors.
update_compile_order -fileset sources_1
launch_simulation
INFO: [Vivado 12-5682] Launching behavioral simulation in 'D:/CollegeHomework/MIPS32/MIPS32.sim/sim_1/behav/xsim'
INFO: [SIM-utils-51] Simulation object is 'sim_1'
INFO: [SIM-utils-54] Inspecting design source files for 'testBench' in fileset 'sim_1'...
INFO: [SIM-utils-43] Exported 'D:/CollegeHomework/MIPS32/MIPS32.sim/sim_1/behav/xsim/imem.coe'
INFO: [USF-XSim-97] Finding global include files...
INFO: [USF-XSim-98] Fetching design files from 'sim_1'...
INFO: [USF-XSim-2] XSim::Compile design
INFO: [USF-XSim-61] Executing 'COMPILE and ANALYZE' step in 'D:/CollegeHomework/MIPS32/MIPS32.sim/sim_1/behav/xsim'
"xvlog --incr --relax -prj testBench_vlog.prj"
INFO: [VRFC 10-2263] Analyzing Verilog file "D:/CollegeHomework/MIPS32/MIPS32.srcs/sources_1/new/ALU.v" into library xil_defaultlib
INFO: [VRFC 10-311] analyzing module ALU
INFO: [VRFC 10-2263] Analyzing Verilog file "D:/CollegeHomework/MIPS32/MIPS32.srcs/sources_1/new/DATA_RAM.v" into library xil_defaultlib
INFO: [VRFC 10-311] analyzing module DATA_RAM
INFO: [VRFC 10-2263] Analyzing Verilog file "D:/CollegeHomework/MIPS32/MIPS32.srcs/sources_1/new/DataPath.v" into library xil_defaultlib
INFO: [VRFC 10-311] analyzing module DataPath
INFO: [VRFC 10-2458] undeclared symbol ALUResult, assumed default net type wire [D:/CollegeHomework/MIPS32/MIPS32.srcs/sources_1/new/DataPath.v:46]
INFO: [VRFC 10-2458] undeclared symbol ALUControl, assumed default net type wire [D:/CollegeHomework/MIPS32/MIPS32.srcs/sources_1/new/DataPath.v:46]
INFO: [VRFC 10-2458] undeclared symbol AluResult, assumed default net type wire [D:/CollegeHomework/MIPS32/MIPS32.srcs/sources_1/new/DataPath.v:53]
INFO: [VRFC 10-2458] undeclared symbol MemtoReg, assumed default net type wire [D:/CollegeHomework/MIPS32/MIPS32.srcs/sources_1/new/DataPath.v:53]
INFO: [VRFC 10-311] analyzing module PCReg
INFO: [VRFC 10-311] analyzing module RegFile
INFO: [VRFC 10-311] analyzing module SignExt
INFO: [VRFC 10-311] analyzing module SL2
INFO: [VRFC 10-311] analyzing module Adder
INFO: [VRFC 10-311] analyzing module MUX2
INFO: [VRFC 10-2263] Analyzing Verilog file "D:/CollegeHomework/MIPS32/MIPS32.srcs/sources_1/new/INSTR_ROM.v" into library xil_defaultlib
INFO: [VRFC 10-311] analyzing module INSTR_ROM
INFO: [VRFC 10-2263] Analyzing Verilog file "D:/CollegeHomework/MIPS32/MIPS32.srcs/sources_1/new/MIPS32.v" into library xil_defaultlib
INFO: [VRFC 10-311] analyzing module MIPS32
INFO: [VRFC 10-2263] Analyzing Verilog file "D:/CollegeHomework/MIPS32/MIPS32.srcs/sources_1/new/SYSTEM.v" into library xil_defaultlib
INFO: [VRFC 10-311] analyzing module SYSTEM
INFO: [VRFC 10-2263] Analyzing Verilog file "D:/CollegeHomework/MIPS32/MIPS32.srcs/sources_1/new/mainCtroller.v" into library xil_defaultlib
INFO: [VRFC 10-311] analyzing module mainController
INFO: [VRFC 10-2458] undeclared symbol ALUSrc, assumed default net type wire [D:/CollegeHomework/MIPS32/MIPS32.srcs/sources_1/new/mainCtroller.v:37]
INFO: [VRFC 10-2458] undeclared symbol MemtoReg, assumed default net type wire [D:/CollegeHomework/MIPS32/MIPS32.srcs/sources_1/new/mainCtroller.v:37]
INFO: [VRFC 10-2263] Analyzing Verilog file "D:/CollegeHomework/MIPS32/MIPS32.srcs/sim_1/new/testBench.v" into library xil_defaultlib
INFO: [VRFC 10-311] analyzing module testBench
INFO: [USF-XSim-69] 'compile' step finished in '3' seconds
INFO: [USF-XSim-3] XSim::Elaborate design
INFO: [USF-XSim-61] Executing 'ELABORATE' step in 'D:/CollegeHomework/MIPS32/MIPS32.sim/sim_1/behav/xsim'
"xelab -wto 4e2f2acfa1e647258caacb70eaf3a91a --incr --debug typical --relax --mt 2 -L xil_defaultlib -L unisims_ver -L unimacro_ver -L secureip --snapshot testBench_behav xil_defaultlib.testBench xil_defaultlib.glbl -log elaborate.log"
Vivado Simulator 2019.1
Copyright 1986-1999, 2001-2019 Xilinx, Inc. All Rights Reserved.
Running: E:/Xilinx/Vivado/2019.1/bin/unwrapped/win64.o/xelab.exe -wto 4e2f2acfa1e647258caacb70eaf3a91a --incr --debug typical --relax --mt 2 -L xil_defaultlib -L unisims_ver -L unimacro_ver -L secureip --snapshot testBench_behav xil_defaultlib.testBench xil_defaultlib.glbl -log elaborate.log 
Using 2 slave threads.
Starting static elaboration
WARNING: [VRFC 10-3091] actual bit length 32 differs from formal bit length 1 for port 'Zero' [D:/CollegeHomework/MIPS32/MIPS32.srcs/sources_1/new/MIPS32.v:40]
WARNING: [VRFC 10-3091] actual bit length 1 differs from formal bit length 32 for port 'in1' [D:/CollegeHomework/MIPS32/MIPS32.srcs/sources_1/new/DataPath.v:46]
WARNING: [VRFC 10-3091] actual bit length 1 differs from formal bit length 32 for port 'd0' [D:/CollegeHomework/MIPS32/MIPS32.srcs/sources_1/new/DataPath.v:53]
ERROR: [VRFC 10-3236] concurrent assignment to a non-net 'ALURes' is not permitted [D:/CollegeHomework/MIPS32/MIPS32.srcs/sources_1/new/SYSTEM.v:29]
ERROR: [VRFC 10-3236] concurrent assignment to a non-net 'Instr' is not permitted [D:/CollegeHomework/MIPS32/MIPS32.srcs/sources_1/new/SYSTEM.v:30]
ERROR: [VRFC 10-3236] concurrent assignment to a non-net 'ReadData' is not permitted [D:/CollegeHomework/MIPS32/MIPS32.srcs/sources_1/new/SYSTEM.v:31]
ERROR: [XSIM 43-3322] Static elaboration of top level Verilog design unit(s) in library work failed.
INFO: [USF-XSim-69] 'elaborate' step finished in '2' seconds
INFO: [USF-XSim-99] Step results log file:'D:/CollegeHomework/MIPS32/MIPS32.sim/sim_1/behav/xsim/elaborate.log'
ERROR: [USF-XSim-62] 'elaborate' step failed with error(s). Please check the Tcl console output or 'D:/CollegeHomework/MIPS32/MIPS32.sim/sim_1/behav/xsim/elaborate.log' file for more information.
ERROR: [Vivado 12-4473] Detected error while running simulation. Please correct the issue and retry this operation.
ERROR: [Common 17-39] 'launch_simulation' failed due to earlier errors.
launch_simulation
INFO: [Vivado 12-5682] Launching behavioral simulation in 'D:/CollegeHomework/MIPS32/MIPS32.sim/sim_1/behav/xsim'
INFO: [SIM-utils-51] Simulation object is 'sim_1'
INFO: [SIM-utils-54] Inspecting design source files for 'testBench' in fileset 'sim_1'...
INFO: [SIM-utils-43] Exported 'D:/CollegeHomework/MIPS32/MIPS32.sim/sim_1/behav/xsim/imem.coe'
INFO: [USF-XSim-97] Finding global include files...
INFO: [USF-XSim-98] Fetching design files from 'sim_1'...
INFO: [USF-XSim-2] XSim::Compile design
INFO: [USF-XSim-61] Executing 'COMPILE and ANALYZE' step in 'D:/CollegeHomework/MIPS32/MIPS32.sim/sim_1/behav/xsim'
"xvlog --incr --relax -prj testBench_vlog.prj"
INFO: [VRFC 10-2263] Analyzing Verilog file "D:/CollegeHomework/MIPS32/MIPS32.srcs/sources_1/new/ALU.v" into library xil_defaultlib
INFO: [VRFC 10-311] analyzing module ALU
INFO: [VRFC 10-2263] Analyzing Verilog file "D:/CollegeHomework/MIPS32/MIPS32.srcs/sources_1/new/DATA_RAM.v" into library xil_defaultlib
INFO: [VRFC 10-311] analyzing module DATA_RAM
INFO: [VRFC 10-2263] Analyzing Verilog file "D:/CollegeHomework/MIPS32/MIPS32.srcs/sources_1/new/DataPath.v" into library xil_defaultlib
INFO: [VRFC 10-311] analyzing module DataPath
INFO: [VRFC 10-2458] undeclared symbol ALUResult, assumed default net type wire [D:/CollegeHomework/MIPS32/MIPS32.srcs/sources_1/new/DataPath.v:46]
INFO: [VRFC 10-2458] undeclared symbol ALUControl, assumed default net type wire [D:/CollegeHomework/MIPS32/MIPS32.srcs/sources_1/new/DataPath.v:46]
INFO: [VRFC 10-2458] undeclared symbol AluResult, assumed default net type wire [D:/CollegeHomework/MIPS32/MIPS32.srcs/sources_1/new/DataPath.v:53]
INFO: [VRFC 10-2458] undeclared symbol MemtoReg, assumed default net type wire [D:/CollegeHomework/MIPS32/MIPS32.srcs/sources_1/new/DataPath.v:53]
INFO: [VRFC 10-311] analyzing module PCReg
INFO: [VRFC 10-311] analyzing module RegFile
INFO: [VRFC 10-311] analyzing module SignExt
INFO: [VRFC 10-311] analyzing module SL2
INFO: [VRFC 10-311] analyzing module Adder
INFO: [VRFC 10-311] analyzing module MUX2
INFO: [VRFC 10-2263] Analyzing Verilog file "D:/CollegeHomework/MIPS32/MIPS32.srcs/sources_1/new/INSTR_ROM.v" into library xil_defaultlib
INFO: [VRFC 10-311] analyzing module INSTR_ROM
INFO: [VRFC 10-2263] Analyzing Verilog file "D:/CollegeHomework/MIPS32/MIPS32.srcs/sources_1/new/MIPS32.v" into library xil_defaultlib
INFO: [VRFC 10-311] analyzing module MIPS32
INFO: [VRFC 10-2263] Analyzing Verilog file "D:/CollegeHomework/MIPS32/MIPS32.srcs/sources_1/new/SYSTEM.v" into library xil_defaultlib
INFO: [VRFC 10-311] analyzing module SYSTEM
INFO: [VRFC 10-2263] Analyzing Verilog file "D:/CollegeHomework/MIPS32/MIPS32.srcs/sources_1/new/mainCtroller.v" into library xil_defaultlib
INFO: [VRFC 10-311] analyzing module mainController
INFO: [VRFC 10-2458] undeclared symbol ALUSrc, assumed default net type wire [D:/CollegeHomework/MIPS32/MIPS32.srcs/sources_1/new/mainCtroller.v:37]
INFO: [VRFC 10-2458] undeclared symbol MemtoReg, assumed default net type wire [D:/CollegeHomework/MIPS32/MIPS32.srcs/sources_1/new/mainCtroller.v:37]
INFO: [VRFC 10-2263] Analyzing Verilog file "D:/CollegeHomework/MIPS32/MIPS32.srcs/sim_1/new/testBench.v" into library xil_defaultlib
INFO: [VRFC 10-311] analyzing module testBench
INFO: [USF-XSim-69] 'compile' step finished in '2' seconds
INFO: [USF-XSim-3] XSim::Elaborate design
INFO: [USF-XSim-61] Executing 'ELABORATE' step in 'D:/CollegeHomework/MIPS32/MIPS32.sim/sim_1/behav/xsim'
"xelab -wto 4e2f2acfa1e647258caacb70eaf3a91a --incr --debug typical --relax --mt 2 -L xil_defaultlib -L unisims_ver -L unimacro_ver -L secureip --snapshot testBench_behav xil_defaultlib.testBench xil_defaultlib.glbl -log elaborate.log"
Vivado Simulator 2019.1
Copyright 1986-1999, 2001-2019 Xilinx, Inc. All Rights Reserved.
Running: E:/Xilinx/Vivado/2019.1/bin/unwrapped/win64.o/xelab.exe -wto 4e2f2acfa1e647258caacb70eaf3a91a --incr --debug typical --relax --mt 2 -L xil_defaultlib -L unisims_ver -L unimacro_ver -L secureip --snapshot testBench_behav xil_defaultlib.testBench xil_defaultlib.glbl -log elaborate.log 
Using 2 slave threads.
Starting static elaboration
WARNING: [VRFC 10-3091] actual bit length 32 differs from formal bit length 1 for port 'Zero' [D:/CollegeHomework/MIPS32/MIPS32.srcs/sources_1/new/MIPS32.v:40]
WARNING: [VRFC 10-3091] actual bit length 1 differs from formal bit length 32 for port 'in1' [D:/CollegeHomework/MIPS32/MIPS32.srcs/sources_1/new/DataPath.v:46]
WARNING: [VRFC 10-3091] actual bit length 1 differs from formal bit length 32 for port 'd0' [D:/CollegeHomework/MIPS32/MIPS32.srcs/sources_1/new/DataPath.v:53]
Completed static elaboration
Starting simulation data flow analysis
Completed simulation data flow analysis
Time Resolution for simulation is 1ps
Compiling module xil_defaultlib.mainController
Compiling module xil_defaultlib.PCReg
Compiling module xil_defaultlib.RegFile
Compiling module xil_defaultlib.SignExt
Compiling module xil_defaultlib.ALU
Compiling module xil_defaultlib.SL2
Compiling module xil_defaultlib.Adder
Compiling module xil_defaultlib.MUX2(width=32)
Compiling module xil_defaultlib.MUX2(width=5)
Compiling module xil_defaultlib.DataPath
Compiling module xil_defaultlib.MIPS32
Compiling module xil_defaultlib.INSTR_ROM
Compiling module xil_defaultlib.DATA_RAM
Compiling module xil_defaultlib.SYSTEM
Compiling module xil_defaultlib.testBench
Compiling module xil_defaultlib.glbl
Built simulation snapshot testBench_behav

****** Webtalk v2019.1 (64-bit)
  **** SW Build 2552052 on Fri May 24 14:49:42 MDT 2019
  **** IP Build 2548770 on Fri May 24 18:01:18 MDT 2019
    ** Copyright 1986-2019 Xilinx, Inc. All Rights Reserved.

source D:/CollegeHomework/MIPS32/MIPS32.sim/sim_1/behav/xsim/xsim.dir/testBench_behav/webtalk/xsim_webtalk.tcl -notrace
INFO: [Common 17-186] 'D:/CollegeHomework/MIPS32/MIPS32.sim/sim_1/behav/xsim/xsim.dir/testBench_behav/webtalk/usage_statistics_ext_xsim.xml' has been successfully sent to Xilinx on Thu Apr  9 11:58:46 2020. For additional details about this file, please refer to the WebTalk help file at E:/Xilinx/Vivado/2019.1/doc/webtalk_introduction.html.
INFO: [Common 17-206] Exiting Webtalk at Thu Apr  9 11:58:46 2020...
run_program: Time (s): cpu = 00:00:00 ; elapsed = 00:00:09 . Memory (MB): peak = 905.402 ; gain = 0.000
INFO: [USF-XSim-69] 'elaborate' step finished in '9' seconds
INFO: [USF-XSim-4] XSim::Simulate design
INFO: [USF-XSim-61] Executing 'SIMULATE' step in 'D:/CollegeHomework/MIPS32/MIPS32.sim/sim_1/behav/xsim'
INFO: [USF-XSim-98] *** Running xsim
   with args "testBench_behav -key {Behavioral:sim_1:Functional:testBench} -tclbatch {testBench.tcl} -log {simulate.log}"
INFO: [USF-XSim-8] Loading simulator feature
Vivado Simulator 2019.1
Time resolution is 1 ps
source testBench.tcl
# set curr_wave [current_wave_config]
# if { [string length $curr_wave] == 0 } {
#   if { [llength [get_objects]] > 0} {
#     add_wave /
#     set_property needs_save false [current_wave_config]
#   } else {
#      send_msg_id Add_Wave-1 WARNING "No top level signals found. Simulator will start without a wave window. If you want to open a wave window go to 'File->New Waveform Configuration' or type 'create_wave_config' in the TCL console."
#   }
# }
# run 1000ns
INFO: [USF-XSim-96] XSim completed. Design snapshot 'testBench_behav' loaded.
INFO: [USF-XSim-97] XSim simulation ran for 1000ns
launch_simulation: Time (s): cpu = 00:00:03 ; elapsed = 00:00:14 . Memory (MB): peak = 905.402 ; gain = 0.000
current_wave_config {Untitled 4}
Untitled 4
add_wave {{/testBench/test/mips/dp/PC}} 
current_wave_config {Untitled 4}
Untitled 4
add_wave {{/testBench/test/mips/dp/AluRes}} 
run all
relaunch_sim
suspend_sim: Time (s): cpu = 00:00:01 ; elapsed = 00:00:09 . Memory (MB): peak = 905.402 ; gain = 0.000
INFO: [Vivado 12-5682] Launching behavioral simulation in 'D:/CollegeHomework/MIPS32/MIPS32.sim/sim_1/behav/xsim'
INFO: [SIM-utils-51] Simulation object is 'sim_1'
INFO: [SIM-utils-54] Inspecting design source files for 'testBench' in fileset 'sim_1'...
INFO: [SIM-utils-43] Exported 'D:/CollegeHomework/MIPS32/MIPS32.sim/sim_1/behav/xsim/imem.coe'
INFO: [USF-XSim-97] Finding global include files...
INFO: [USF-XSim-98] Fetching design files from 'sim_1'...
INFO: [USF-XSim-2] XSim::Compile design
INFO: [USF-XSim-61] Executing 'COMPILE and ANALYZE' step in 'D:/CollegeHomework/MIPS32/MIPS32.sim/sim_1/behav/xsim'
"xvlog --incr --relax -prj testBench_vlog.prj"
INFO: [VRFC 10-2263] Analyzing Verilog file "D:/CollegeHomework/MIPS32/MIPS32.srcs/sources_1/new/mainCtroller.v" into library xil_defaultlib
INFO: [VRFC 10-311] analyzing module mainController
INFO: [VRFC 10-2458] undeclared symbol ALUSrc, assumed default net type wire [D:/CollegeHomework/MIPS32/MIPS32.srcs/sources_1/new/mainCtroller.v:37]
INFO: [VRFC 10-2458] undeclared symbol MemtoReg, assumed default net type wire [D:/CollegeHomework/MIPS32/MIPS32.srcs/sources_1/new/mainCtroller.v:37]
INFO: [USF-XSim-69] 'compile' step finished in '2' seconds
INFO: [Vivado 12-5682] Launching behavioral simulation in 'D:/CollegeHomework/MIPS32/MIPS32.sim/sim_1/behav/xsim'
INFO: [USF-XSim-3] XSim::Elaborate design
INFO: [USF-XSim-61] Executing 'ELABORATE' step in 'D:/CollegeHomework/MIPS32/MIPS32.sim/sim_1/behav/xsim'
"xelab -wto 4e2f2acfa1e647258caacb70eaf3a91a --incr --debug typical --relax --mt 2 -L xil_defaultlib -L unisims_ver -L unimacro_ver -L secureip --snapshot testBench_behav xil_defaultlib.testBench xil_defaultlib.glbl -log elaborate.log"
Vivado Simulator 2019.1
Copyright 1986-1999, 2001-2019 Xilinx, Inc. All Rights Reserved.
Running: E:/Xilinx/Vivado/2019.1/bin/unwrapped/win64.o/xelab.exe -wto 4e2f2acfa1e647258caacb70eaf3a91a --incr --debug typical --relax --mt 2 -L xil_defaultlib -L unisims_ver -L unimacro_ver -L secureip --snapshot testBench_behav xil_defaultlib.testBench xil_defaultlib.glbl -log elaborate.log 
Using 2 slave threads.
Starting static elaboration
WARNING: [VRFC 10-3091] actual bit length 32 differs from formal bit length 1 for port 'Zero' [D:/CollegeHomework/MIPS32/MIPS32.srcs/sources_1/new/MIPS32.v:40]
WARNING: [VRFC 10-3091] actual bit length 1 differs from formal bit length 32 for port 'in1' [D:/CollegeHomework/MIPS32/MIPS32.srcs/sources_1/new/DataPath.v:46]
WARNING: [VRFC 10-3091] actual bit length 1 differs from formal bit length 32 for port 'd0' [D:/CollegeHomework/MIPS32/MIPS32.srcs/sources_1/new/DataPath.v:53]
Completed static elaboration
Starting simulation data flow analysis
Completed simulation data flow analysis
Time Resolution for simulation is 1ps
Compiling module xil_defaultlib.mainController
Compiling module xil_defaultlib.PCReg
Compiling module xil_defaultlib.RegFile
Compiling module xil_defaultlib.SignExt
Compiling module xil_defaultlib.ALU
Compiling module xil_defaultlib.SL2
Compiling module xil_defaultlib.Adder
Compiling module xil_defaultlib.MUX2(width=32)
Compiling module xil_defaultlib.MUX2(width=5)
Compiling module xil_defaultlib.DataPath
Compiling module xil_defaultlib.MIPS32
Compiling module xil_defaultlib.INSTR_ROM
Compiling module xil_defaultlib.DATA_RAM
Compiling module xil_defaultlib.SYSTEM
Compiling module xil_defaultlib.testBench
Compiling module xil_defaultlib.glbl
Built simulation snapshot testBench_behav
INFO: [USF-XSim-69] 'elaborate' step finished in '3' seconds
Vivado Simulator 2019.1
Time resolution is 1 ps
relaunch_sim: Time (s): cpu = 00:00:01 ; elapsed = 00:00:16 . Memory (MB): peak = 905.402 ; gain = 0.000
close_sim
INFO: [Simtcl 6-16] Simulation closed
exit
INFO: [Common 17-206] Exiting Vivado at Thu Apr  9 12:05:58 2020...
