#-----------------------------------------------------------
# Vivado v2019.1 (64-bit)
# SW Build 2552052 on Fri May 24 14:49:42 MDT 2019
# IP Build 2548770 on Fri May 24 18:01:18 MDT 2019
# Start of session at: Thu Apr  9 12:11:22 2020
# Process ID: 10720
# Current directory: D:/CollegeHomework/MIPS32
# Command line: vivado.exe -gui_launcher_event rodinguilauncherevent12520 D:\CollegeHomework\MIPS32\MIPS32.xpr
# Log file: D:/CollegeHomework/MIPS32/vivado.log
# Journal file: D:/CollegeHomework/MIPS32\vivado.jou
#-----------------------------------------------------------
start_gui
open_project D:/CollegeHomework/MIPS32/MIPS32.xpr
Scanning sources...
Finished scanning sources
INFO: [IP_Flow 19-234] Refreshing IP repositories
INFO: [IP_Flow 19-1704] No user IP repositories specified
INFO: [IP_Flow 19-2313] Loaded Vivado IP repository 'E:/Xilinx/Vivado/2019.1/data/ip'.
open_project: Time (s): cpu = 00:00:14 ; elapsed = 00:00:06 . Memory (MB): peak = 684.461 ; gain = 81.227
update_compile_order -fileset sources_1
set_property BOARD_PART_REPO_PATHS {C:/Users/23731/AppData/Roaming/Xilinx/Vivado/2019.1/xhub/board_store} [current_project]
set_param board.repoPaths {C:/Users/23731/AppData/Roaming/Xilinx/Vivado/2019.1/xhub/board_store}
WARNING: [filemgmt 56-199] Attempt to get parsing info during refresh. "On-the-fly" syntax checking information may be incorrect. [D:/CollegeHomework/MIPS32/MIPS32.srcs/sim_1/new/testBench.v:]
WARNING: [filemgmt 56-199] Attempt to get parsing info during refresh. "On-the-fly" syntax checking information may be incorrect. [D:/CollegeHomework/MIPS32/MIPS32.srcs/sources_1/new/SYSTEM.v:]
ERROR: [Common 17-180] Spawn failed: No error
set_property BOARD_PART_REPO_PATHS {C:/Users/23731/AppData/Roaming/Xilinx/Vivado/2019.1/xhub/board_store} [current_project]
set_param board.repoPaths {C:/Users/23731/AppData/Roaming/Xilinx/Vivado/2019.1/xhub/board_store}
close_project
open_project D:/CollegeHomework/MIPS32/MIPS32.xpr
Scanning sources...
Finished scanning sources
INFO: [IP_Flow 19-234] Refreshing IP repositories
INFO: [IP_Flow 19-1704] No user IP repositories specified
INFO: [IP_Flow 19-2313] Loaded Vivado IP repository 'E:/Xilinx/Vivado/2019.1/data/ip'.
update_compile_order -fileset sources_1
exit
INFO: [Common 17-206] Exiting Vivado at Thu Apr  9 13:18:28 2020...
