#-----------------------------------------------------------
# Vivado v2019.1 (64-bit)
# SW Build 2552052 on Fri May 24 14:49:42 MDT 2019
# IP Build 2548770 on Fri May 24 18:01:18 MDT 2019
# Start of session at: Thu Apr  9 10:20:38 2020
# Process ID: 10624
# Current directory: D:/CollegeHomework/MIPS32
# Command line: vivado.exe -gui_launcher_event rodinguilauncherevent13388 D:\CollegeHomework\MIPS32\MIPS32.xpr
# Log file: D:/CollegeHomework/MIPS32/vivado.log
# Journal file: D:/CollegeHomework/MIPS32\vivado.jou
#-----------------------------------------------------------
start_gui
open_project D:/CollegeHomework/MIPS32/MIPS32.xpr
Scanning sources...
Finished scanning sources
INFO: [IP_Flow 19-234] Refreshing IP repositories
INFO: [IP_Flow 19-1704] No user IP repositories specified
INFO: [IP_Flow 19-2313] Loaded Vivado IP repository 'E:/Xilinx/Vivado/2019.1/data/ip'.
open_project: Time (s): cpu = 00:00:12 ; elapsed = 00:00:06 . Memory (MB): peak = 689.258 ; gain = 86.527
update_compile_order -fileset sources_1
launch_simulation
INFO: [Vivado 12-5682] Launching behavioral simulation in 'D:/CollegeHomework/MIPS32/MIPS32.sim/sim_1/behav/xsim'
INFO: [SIM-utils-51] Simulation object is 'sim_1'
INFO: [SIM-utils-54] Inspecting design source files for 'ROM_sim' in fileset 'sim_1'...
INFO: [SIM-utils-43] Exported 'D:/CollegeHomework/MIPS32/MIPS32.sim/sim_1/behav/xsim/imem.coe'
INFO: [USF-XSim-97] Finding global include files...
INFO: [USF-XSim-98] Fetching design files from 'sim_1'...
INFO: [USF-XSim-2] XSim::Compile design
INFO: [USF-XSim-61] Executing 'COMPILE and ANALYZE' step in 'D:/CollegeHomework/MIPS32/MIPS32.sim/sim_1/behav/xsim'
"xvlog --incr --relax -prj ROM_sim_vlog.prj"
INFO: [USF-XSim-69] 'compile' step finished in '2' seconds
INFO: [USF-XSim-3] XSim::Elaborate design
INFO: [USF-XSim-61] Executing 'ELABORATE' step in 'D:/CollegeHomework/MIPS32/MIPS32.sim/sim_1/behav/xsim'
"xelab -wto 4e2f2acfa1e647258caacb70eaf3a91a --incr --debug typical --relax --mt 2 -L xil_defaultlib -L unisims_ver -L unimacro_ver -L secureip --snapshot ROM_sim_behav xil_defaultlib.ROM_sim xil_defaultlib.glbl -log elaborate.log"
Vivado Simulator 2019.1
Copyright 1986-1999, 2001-2019 Xilinx, Inc. All Rights Reserved.
Running: E:/Xilinx/Vivado/2019.1/bin/unwrapped/win64.o/xelab.exe -wto 4e2f2acfa1e647258caacb70eaf3a91a --incr --debug typical --relax --mt 2 -L xil_defaultlib -L unisims_ver -L unimacro_ver -L secureip --snapshot ROM_sim_behav xil_defaultlib.ROM_sim xil_defaultlib.glbl -log elaborate.log 
Using 2 slave threads.
Starting static elaboration
Completed static elaboration
INFO: [XSIM 43-4323] No Change in HDL. Linking previously generated obj files to create kernel
INFO: [USF-XSim-69] 'elaborate' step finished in '3' seconds
INFO: [USF-XSim-4] XSim::Simulate design
INFO: [USF-XSim-61] Executing 'SIMULATE' step in 'D:/CollegeHomework/MIPS32/MIPS32.sim/sim_1/behav/xsim'
INFO: [USF-XSim-98] *** Running xsim
   with args "ROM_sim_behav -key {Behavioral:sim_1:Functional:ROM_sim} -tclbatch {ROM_sim.tcl} -log {simulate.log}"
INFO: [USF-XSim-8] Loading simulator feature
Vivado Simulator 2019.1
Time resolution is 1 ps
source ROM_sim.tcl
# set curr_wave [current_wave_config]
# if { [string length $curr_wave] == 0 } {
#   if { [llength [get_objects]] > 0} {
#     add_wave /
#     set_property needs_save false [current_wave_config]
#   } else {
#      send_msg_id Add_Wave-1 WARNING "No top level signals found. Simulator will start without a wave window. If you want to open a wave window go to 'File->New Waveform Configuration' or type 'create_wave_config' in the TCL console."
#   }
# }
# run 1000ns
Could not open the .svtype file xsim.dir/ROM_sim_behav/xsim.svtype
Command failed: Simulator command interrupted.

Simulation engine not responding
The simulator has terminated in an unexpected manner.  Please review the simulation log (xsim.log) for details.
INFO: [USF-XSim-96] XSim completed. Design snapshot 'ROM_sim_behav' loaded.
INFO: [USF-XSim-97] XSim simulation ran for 1000ns
launch_simulation: Time (s): cpu = 00:00:09 ; elapsed = 00:00:09 . Memory (MB): peak = 745.887 ; gain = 28.926
close_sim
INFO: [Simtcl 6-16] Simulation closed
launch_simulation
INFO: [Vivado 12-5682] Launching behavioral simulation in 'D:/CollegeHomework/MIPS32/MIPS32.sim/sim_1/behav/xsim'
INFO: [SIM-utils-51] Simulation object is 'sim_1'
INFO: [SIM-utils-54] Inspecting design source files for 'ROM_sim' in fileset 'sim_1'...
INFO: [SIM-utils-43] Exported 'D:/CollegeHomework/MIPS32/MIPS32.sim/sim_1/behav/xsim/imem.coe'
INFO: [USF-XSim-97] Finding global include files...
INFO: [USF-XSim-98] Fetching design files from 'sim_1'...
INFO: [USF-XSim-2] XSim::Compile design
INFO: [USF-XSim-61] Executing 'COMPILE and ANALYZE' step in 'D:/CollegeHomework/MIPS32/MIPS32.sim/sim_1/behav/xsim'
"xvlog --incr --relax -prj ROM_sim_vlog.prj"
INFO: [USF-XSim-69] 'compile' step finished in '2' seconds
INFO: [USF-XSim-3] XSim::Elaborate design
INFO: [USF-XSim-61] Executing 'ELABORATE' step in 'D:/CollegeHomework/MIPS32/MIPS32.sim/sim_1/behav/xsim'
"xelab -wto 4e2f2acfa1e647258caacb70eaf3a91a --incr --debug typical --relax --mt 2 -L xil_defaultlib -L unisims_ver -L unimacro_ver -L secureip --snapshot ROM_sim_behav xil_defaultlib.ROM_sim xil_defaultlib.glbl -log elaborate.log"
Vivado Simulator 2019.1
Copyright 1986-1999, 2001-2019 Xilinx, Inc. All Rights Reserved.
Running: E:/Xilinx/Vivado/2019.1/bin/unwrapped/win64.o/xelab.exe -wto 4e2f2acfa1e647258caacb70eaf3a91a --incr --debug typical --relax --mt 2 -L xil_defaultlib -L unisims_ver -L unimacro_ver -L secureip --snapshot ROM_sim_behav xil_defaultlib.ROM_sim xil_defaultlib.glbl -log elaborate.log 
Using 2 slave threads.
Starting static elaboration
Completed static elaboration
INFO: [XSIM 43-4323] No Change in HDL. Linking previously generated obj files to create kernel
INFO: [USF-XSim-69] 'elaborate' step finished in '2' seconds
INFO: [USF-XSim-4] XSim::Simulate design
INFO: [USF-XSim-61] Executing 'SIMULATE' step in 'D:/CollegeHomework/MIPS32/MIPS32.sim/sim_1/behav/xsim'
INFO: [USF-XSim-98] *** Running xsim
   with args "ROM_sim_behav -key {Behavioral:sim_1:Functional:ROM_sim} -tclbatch {ROM_sim.tcl} -log {simulate.log}"
INFO: [USF-XSim-8] Loading simulator feature
Vivado Simulator 2019.1
Time resolution is 1 ps
source ROM_sim.tcl
# set curr_wave [current_wave_config]
# if { [string length $curr_wave] == 0 } {
#   if { [llength [get_objects]] > 0} {
#     add_wave /
#     set_property needs_save false [current_wave_config]
#   } else {
#      send_msg_id Add_Wave-1 WARNING "No top level signals found. Simulator will start without a wave window. If you want to open a wave window go to 'File->New Waveform Configuration' or type 'create_wave_config' in the TCL console."
#   }
# }
# run 1000ns
Could not open the .svtype file xsim.dir/ROM_sim_behav/xsim.svtype
Command failed: Simulator command interrupted.

Simulation engine not responding
The simulator has terminated in an unexpected manner.  Please review the simulation log (xsim.log) for details.
INFO: [USF-XSim-96] XSim completed. Design snapshot 'ROM_sim_behav' loaded.
INFO: [USF-XSim-97] XSim simulation ran for 1000ns
launch_simulation: Time (s): cpu = 00:00:05 ; elapsed = 00:00:08 . Memory (MB): peak = 770.383 ; gain = 2.902
close_sim
INFO: [Simtcl 6-16] Simulation closed
exit
INFO: [Common 17-206] Exiting Vivado at Thu Apr  9 10:22:27 2020...
